<?xml version="1.0" encoding="UTF-8"?>
<!-- Generated by org.testng.reporters.JUnitXMLReporter -->
<testsuite ignored="0" hostname="cdfdfdbbbfecbccfaabacdcbccdbcaaeaa-0" failures="1" tests="3" name="Test" time="5.468" errors="0" timestamp="2023-08-14T09:47:50 UTC">
  <testcase classname="ai.iamneo.testing.Testing_Selenium_TestNg.AppTest" name="testcase_1" time="1.915"/>
  <testcase classname="ai.iamneo.testing.Testing_Selenium_TestNg.AppTest" name="testcase_2" time="0.798">
    <failure type="java.lang.AssertionError" message="expected [Drop here] but found [Dropped!]">
      <![CDATA[java.lang.AssertionError: expected [Drop here] but found [Dropped!]
at ai.iamneo.testing.Testing_Selenium_TestNg.AppTest.testcase_2(AppTest.java:53)
at java.base/java.util.ArrayList.forEach(ArrayList.java:1541)
... Removed 37 stack frames]]>
    </failure>
  </testcase> <!-- testcase_2 -->
  <testcase classname="ai.iamneo.testing.Testing_Selenium_TestNg.AppTest" name="testcase_3" time="0.0"/>
</testsuite> <!-- Test -->
